<?xml version="1.0" encoding="UTF-8"?>
<testng-results ignored="0" total="1" passed="0" failed="0" skipped="1">
  <reporter-output>
  </reporter-output>
  <suite started-at="2023-03-16T16:35:01 IST" name="Default suite" finished-at="2023-03-16T16:35:03 IST" duration-ms="1715">
    <groups>
    </groups>
    <test started-at="2023-03-16T16:35:01 IST" name="Default test" finished-at="2023-03-16T16:35:03 IST" duration-ms="1715">
      <class name="com.test.qa.LoginPage">
        <test-method is-config="true" signature="openBrowser()[pri:0, instance:com.test.qa.LoginPage@18d87d80]" started-at="2023-03-16T16:35:01 IST" name="openBrowser" finished-at="2023-03-16T16:35:03 IST" duration-ms="1667" status="FAIL">
          <exception class="org.openqa.selenium.SessionNotCreatedException">
            <message>
              <![CDATA[session not created: This version of Microsoft Edge WebDriver only supports Microsoft Edge version 111
Current browser version is 106.0.1370.52 with binary path C:\Program Files (x86)\Microsoft\Edge\Application\msedge.exe
Build info: version: '3.141.59', revision: 'e82be7d358', time: '2018-11-14T08:17:03'
System info: host: 'LAPTOP-JK0MPD96', ip: '192.168.43.14', os.name: 'Windows 10', os.arch: 'amd64', os.version: '10.0', java.version: '17.0.5'
Driver info: driver.version: EdgeDriver
remote stacktrace: Backtrace:
Microsoft::Applications::Events::EventProperties::SetProperty [0x00007FF74D44A592+12658]
Microsoft::Applications::Events::EventProperty::EventProperty [0x00007FF74D3E2832+747618]
(No symbol) [0x00007FF74D07DD2E]
(No symbol) [0x00007FF74D0AE3F9]
(No symbol) [0x00007FF74D0A8D6F]
(No symbol) [0x00007FF74D0A444A]
(No symbol) [0x00007FF74D0E71A1]
(No symbol) [0x00007FF74D0DF1C3]
(No symbol) [0x00007FF74D0B17D6]
(No symbol) [0x00007FF74D0B09B5]
(No symbol) [0x00007FF74D0B1F44]
Microsoft::Applications::Events::EventProperties::SetProperty [0x00007FF74D2F5510+147088]
(No symbol) [0x00007FF74D1991A6]
Microsoft::Applications::Events::EventProperty::EventProperty [0x00007FF74D334477+33959]
Microsoft::Applications::Events::EventProperty::EventProperty [0x00007FF74D337F45+49013]
Microsoft::Applications::Events::ILogManager::DispatchEventBroadcast [0x00007FF74D629913+1305315]
Microsoft::Applications::Events::EventProperty::EventProperty [0x00007FF74D3EADEC+781852]
Microsoft::Applications::Events::EventProperty::EventProperty [0x00007FF74D3F0314+803652]
Microsoft::Applications::Events::EventProperty::EventProperty [0x00007FF74D3F046C+803996]
Microsoft::Applications::Events::EventProperty::EventProperty [0x00007FF74D3F8571+837025]
BaseThreadInitThunk [0x00007FFE9F077034+20]
RtlUserThreadStart [0x00007FFEA0822651+33]
]]>
            </message>
            <full-stacktrace>
              <![CDATA[org.openqa.selenium.SessionNotCreatedException: session not created: This version of Microsoft Edge WebDriver only supports Microsoft Edge version 111
Current browser version is 106.0.1370.52 with binary path C:\Program Files (x86)\Microsoft\Edge\Application\msedge.exe
Build info: version: '3.141.59', revision: 'e82be7d358', time: '2018-11-14T08:17:03'
System info: host: 'LAPTOP-JK0MPD96', ip: '192.168.43.14', os.name: 'Windows 10', os.arch: 'amd64', os.version: '10.0', java.version: '17.0.5'
Driver info: driver.version: EdgeDriver
remote stacktrace: Backtrace:
Microsoft::Applications::Events::EventProperties::SetProperty [0x00007FF74D44A592+12658]
Microsoft::Applications::Events::EventProperty::EventProperty [0x00007FF74D3E2832+747618]
(No symbol) [0x00007FF74D07DD2E]
(No symbol) [0x00007FF74D0AE3F9]
(No symbol) [0x00007FF74D0A8D6F]
(No symbol) [0x00007FF74D0A444A]
(No symbol) [0x00007FF74D0E71A1]
(No symbol) [0x00007FF74D0DF1C3]
(No symbol) [0x00007FF74D0B17D6]
(No symbol) [0x00007FF74D0B09B5]
(No symbol) [0x00007FF74D0B1F44]
Microsoft::Applications::Events::EventProperties::SetProperty [0x00007FF74D2F5510+147088]
(No symbol) [0x00007FF74D1991A6]
Microsoft::Applications::Events::EventProperty::EventProperty [0x00007FF74D334477+33959]
Microsoft::Applications::Events::EventProperty::EventProperty [0x00007FF74D337F45+49013]
Microsoft::Applications::Events::ILogManager::DispatchEventBroadcast [0x00007FF74D629913+1305315]
Microsoft::Applications::Events::EventProperty::EventProperty [0x00007FF74D3EADEC+781852]
Microsoft::Applications::Events::EventProperty::EventProperty [0x00007FF74D3F0314+803652]
Microsoft::Applications::Events::EventProperty::EventProperty [0x00007FF74D3F046C+803996]
Microsoft::Applications::Events::EventProperty::EventProperty [0x00007FF74D3F8571+837025]
BaseThreadInitThunk [0x00007FFE9F077034+20]
RtlUserThreadStart [0x00007FFEA0822651+33]

at java.base/jdk.internal.reflect.NativeConstructorAccessorImpl.newInstance0(Native Method)
at java.base/jdk.internal.reflect.NativeConstructorAccessorImpl.newInstance(NativeConstructorAccessorImpl.java:77)
at java.base/jdk.internal.reflect.DelegatingConstructorAccessorImpl.newInstance(DelegatingConstructorAccessorImpl.java:45)
at java.base/java.lang.reflect.Constructor.newInstanceWithCaller(Constructor.java:499)
at java.base/java.lang.reflect.Constructor.newInstance(Constructor.java:480)
at org.openqa.selenium.remote.W3CHandshakeResponse.lambda$errorHandler$0(W3CHandshakeResponse.java:62)
at org.openqa.selenium.remote.HandshakeResponse.lambda$getResponseFunction$0(HandshakeResponse.java:30)
at org.openqa.selenium.remote.ProtocolHandshake.lambda$createSession$0(ProtocolHandshake.java:126)
at java.base/java.util.stream.ReferencePipeline$3$1.accept(ReferencePipeline.java:197)
at java.base/java.util.Spliterators$ArraySpliterator.tryAdvance(Spliterators.java:1002)
at java.base/java.util.stream.ReferencePipeline.forEachWithCancel(ReferencePipeline.java:129)
at java.base/java.util.stream.AbstractPipeline.copyIntoWithCancel(AbstractPipeline.java:527)
at java.base/java.util.stream.AbstractPipeline.copyInto(AbstractPipeline.java:513)
at java.base/java.util.stream.AbstractPipeline.wrapAndCopyInto(AbstractPipeline.java:499)
at java.base/java.util.stream.FindOps$FindOp.evaluateSequential(FindOps.java:150)
at java.base/java.util.stream.AbstractPipeline.evaluate(AbstractPipeline.java:234)
at java.base/java.util.stream.ReferencePipeline.findFirst(ReferencePipeline.java:647)
at org.openqa.selenium.remote.ProtocolHandshake.createSession(ProtocolHandshake.java:128)
at org.openqa.selenium.remote.ProtocolHandshake.createSession(ProtocolHandshake.java:74)
at org.openqa.selenium.remote.HttpCommandExecutor.execute(HttpCommandExecutor.java:136)
at org.openqa.selenium.remote.service.DriverCommandExecutor.execute(DriverCommandExecutor.java:83)
at org.openqa.selenium.remote.RemoteWebDriver.execute(RemoteWebDriver.java:552)
at org.openqa.selenium.remote.RemoteWebDriver.startSession(RemoteWebDriver.java:213)
at org.openqa.selenium.remote.RemoteWebDriver.<init>(RemoteWebDriver.java:131)
at org.openqa.selenium.edge.EdgeDriver.<init>(EdgeDriver.java:141)
at org.openqa.selenium.edge.EdgeDriver.<init>(EdgeDriver.java:96)
at com.base.qa.TestBase.launchBrowser(TestBase.java:69)
at com.test.qa.LoginPage.openBrowser(LoginPage.java:47)
at java.base/jdk.internal.reflect.NativeMethodAccessorImpl.invoke0(Native Method)
at java.base/jdk.internal.reflect.NativeMethodAccessorImpl.invoke(NativeMethodAccessorImpl.java:77)
at java.base/jdk.internal.reflect.DelegatingMethodAccessorImpl.invoke(DelegatingMethodAccessorImpl.java:43)
at java.base/java.lang.reflect.Method.invoke(Method.java:568)
at org.testng.internal.MethodInvocationHelper.invokeMethod(MethodInvocationHelper.java:133)
at org.testng.internal.MethodInvocationHelper.invokeMethodConsideringTimeout(MethodInvocationHelper.java:62)
at org.testng.internal.ConfigInvoker.invokeConfigurationMethod(ConfigInvoker.java:385)
at org.testng.internal.ConfigInvoker.invokeConfigurations(ConfigInvoker.java:321)
at org.testng.internal.TestMethodWorker.invokeBeforeClassMethods(TestMethodWorker.java:176)
at org.testng.internal.TestMethodWorker.run(TestMethodWorker.java:122)
at java.base/java.util.ArrayList.forEach(ArrayList.java:1511)
at org.testng.TestRunner.privateRun(TestRunner.java:794)
at org.testng.TestRunner.run(TestRunner.java:596)
at org.testng.SuiteRunner.runTest(SuiteRunner.java:377)
at org.testng.SuiteRunner.runSequentially(SuiteRunner.java:371)
at org.testng.SuiteRunner.privateRun(SuiteRunner.java:332)
at org.testng.SuiteRunner.run(SuiteRunner.java:276)
at org.testng.SuiteRunnerWorker.runSuite(SuiteRunnerWorker.java:53)
at org.testng.SuiteRunnerWorker.run(SuiteRunnerWorker.java:96)
at org.testng.TestNG.runSuitesSequentially(TestNG.java:1212)
at org.testng.TestNG.runSuitesLocally(TestNG.java:1134)
at org.testng.TestNG.runSuites(TestNG.java:1063)
at org.testng.TestNG.run(TestNG.java:1031)
at org.testng.remote.AbstractRemoteTestNG.run(AbstractRemoteTestNG.java:115)
at org.testng.remote.RemoteTestNG.initAndRun(RemoteTestNG.java:251)
at org.testng.remote.RemoteTestNG.main(RemoteTestNG.java:77)
]]>
            </full-stacktrace>
          </exception> <!-- org.openqa.selenium.SessionNotCreatedException -->
          <reporter-output>
          </reporter-output>
        </test-method> <!-- openBrowser -->
        <test-method signature="verifyFbLoginPage()[pri:0, instance:com.test.qa.LoginPage@18d87d80]" started-at="2023-03-16T16:35:03 IST" name="verifyFbLoginPage" finished-at="2023-03-16T16:35:03 IST" duration-ms="0" status="SKIP">
          <exception class="org.openqa.selenium.SessionNotCreatedException">
            <message>
              <![CDATA[session not created: This version of Microsoft Edge WebDriver only supports Microsoft Edge version 111
Current browser version is 106.0.1370.52 with binary path C:\Program Files (x86)\Microsoft\Edge\Application\msedge.exe
Build info: version: '3.141.59', revision: 'e82be7d358', time: '2018-11-14T08:17:03'
System info: host: 'LAPTOP-JK0MPD96', ip: '192.168.43.14', os.name: 'Windows 10', os.arch: 'amd64', os.version: '10.0', java.version: '17.0.5'
Driver info: driver.version: EdgeDriver
remote stacktrace: Backtrace:
Microsoft::Applications::Events::EventProperties::SetProperty [0x00007FF74D44A592+12658]
Microsoft::Applications::Events::EventProperty::EventProperty [0x00007FF74D3E2832+747618]
(No symbol) [0x00007FF74D07DD2E]
(No symbol) [0x00007FF74D0AE3F9]
(No symbol) [0x00007FF74D0A8D6F]
(No symbol) [0x00007FF74D0A444A]
(No symbol) [0x00007FF74D0E71A1]
(No symbol) [0x00007FF74D0DF1C3]
(No symbol) [0x00007FF74D0B17D6]
(No symbol) [0x00007FF74D0B09B5]
(No symbol) [0x00007FF74D0B1F44]
Microsoft::Applications::Events::EventProperties::SetProperty [0x00007FF74D2F5510+147088]
(No symbol) [0x00007FF74D1991A6]
Microsoft::Applications::Events::EventProperty::EventProperty [0x00007FF74D334477+33959]
Microsoft::Applications::Events::EventProperty::EventProperty [0x00007FF74D337F45+49013]
Microsoft::Applications::Events::ILogManager::DispatchEventBroadcast [0x00007FF74D629913+1305315]
Microsoft::Applications::Events::EventProperty::EventProperty [0x00007FF74D3EADEC+781852]
Microsoft::Applications::Events::EventProperty::EventProperty [0x00007FF74D3F0314+803652]
Microsoft::Applications::Events::EventProperty::EventProperty [0x00007FF74D3F046C+803996]
Microsoft::Applications::Events::EventProperty::EventProperty [0x00007FF74D3F8571+837025]
BaseThreadInitThunk [0x00007FFE9F077034+20]
RtlUserThreadStart [0x00007FFEA0822651+33]
]]>
            </message>
            <full-stacktrace>
              <![CDATA[org.openqa.selenium.SessionNotCreatedException: session not created: This version of Microsoft Edge WebDriver only supports Microsoft Edge version 111
Current browser version is 106.0.1370.52 with binary path C:\Program Files (x86)\Microsoft\Edge\Application\msedge.exe
Build info: version: '3.141.59', revision: 'e82be7d358', time: '2018-11-14T08:17:03'
System info: host: 'LAPTOP-JK0MPD96', ip: '192.168.43.14', os.name: 'Windows 10', os.arch: 'amd64', os.version: '10.0', java.version: '17.0.5'
Driver info: driver.version: EdgeDriver
remote stacktrace: Backtrace:
Microsoft::Applications::Events::EventProperties::SetProperty [0x00007FF74D44A592+12658]
Microsoft::Applications::Events::EventProperty::EventProperty [0x00007FF74D3E2832+747618]
(No symbol) [0x00007FF74D07DD2E]
(No symbol) [0x00007FF74D0AE3F9]
(No symbol) [0x00007FF74D0A8D6F]
(No symbol) [0x00007FF74D0A444A]
(No symbol) [0x00007FF74D0E71A1]
(No symbol) [0x00007FF74D0DF1C3]
(No symbol) [0x00007FF74D0B17D6]
(No symbol) [0x00007FF74D0B09B5]
(No symbol) [0x00007FF74D0B1F44]
Microsoft::Applications::Events::EventProperties::SetProperty [0x00007FF74D2F5510+147088]
(No symbol) [0x00007FF74D1991A6]
Microsoft::Applications::Events::EventProperty::EventProperty [0x00007FF74D334477+33959]
Microsoft::Applications::Events::EventProperty::EventProperty [0x00007FF74D337F45+49013]
Microsoft::Applications::Events::ILogManager::DispatchEventBroadcast [0x00007FF74D629913+1305315]
Microsoft::Applications::Events::EventProperty::EventProperty [0x00007FF74D3EADEC+781852]
Microsoft::Applications::Events::EventProperty::EventProperty [0x00007FF74D3F0314+803652]
Microsoft::Applications::Events::EventProperty::EventProperty [0x00007FF74D3F046C+803996]
Microsoft::Applications::Events::EventProperty::EventProperty [0x00007FF74D3F8571+837025]
BaseThreadInitThunk [0x00007FFE9F077034+20]
RtlUserThreadStart [0x00007FFEA0822651+33]

at java.base/jdk.internal.reflect.NativeConstructorAccessorImpl.newInstance0(Native Method)
at java.base/jdk.internal.reflect.NativeConstructorAccessorImpl.newInstance(NativeConstructorAccessorImpl.java:77)
at java.base/jdk.internal.reflect.DelegatingConstructorAccessorImpl.newInstance(DelegatingConstructorAccessorImpl.java:45)
at java.base/java.lang.reflect.Constructor.newInstanceWithCaller(Constructor.java:499)
at java.base/java.lang.reflect.Constructor.newInstance(Constructor.java:480)
at org.openqa.selenium.remote.W3CHandshakeResponse.lambda$errorHandler$0(W3CHandshakeResponse.java:62)
at org.openqa.selenium.remote.HandshakeResponse.lambda$getResponseFunction$0(HandshakeResponse.java:30)
at org.openqa.selenium.remote.ProtocolHandshake.lambda$createSession$0(ProtocolHandshake.java:126)
at java.base/java.util.stream.ReferencePipeline$3$1.accept(ReferencePipeline.java:197)
at java.base/java.util.Spliterators$ArraySpliterator.tryAdvance(Spliterators.java:1002)
at java.base/java.util.stream.ReferencePipeline.forEachWithCancel(ReferencePipeline.java:129)
at java.base/java.util.stream.AbstractPipeline.copyIntoWithCancel(AbstractPipeline.java:527)
at java.base/java.util.stream.AbstractPipeline.copyInto(AbstractPipeline.java:513)
at java.base/java.util.stream.AbstractPipeline.wrapAndCopyInto(AbstractPipeline.java:499)
at java.base/java.util.stream.FindOps$FindOp.evaluateSequential(FindOps.java:150)
at java.base/java.util.stream.AbstractPipeline.evaluate(AbstractPipeline.java:234)
at java.base/java.util.stream.ReferencePipeline.findFirst(ReferencePipeline.java:647)
at org.openqa.selenium.remote.ProtocolHandshake.createSession(ProtocolHandshake.java:128)
at org.openqa.selenium.remote.ProtocolHandshake.createSession(ProtocolHandshake.java:74)
at org.openqa.selenium.remote.HttpCommandExecutor.execute(HttpCommandExecutor.java:136)
at org.openqa.selenium.remote.service.DriverCommandExecutor.execute(DriverCommandExecutor.java:83)
at org.openqa.selenium.remote.RemoteWebDriver.execute(RemoteWebDriver.java:552)
at org.openqa.selenium.remote.RemoteWebDriver.startSession(RemoteWebDriver.java:213)
at org.openqa.selenium.remote.RemoteWebDriver.<init>(RemoteWebDriver.java:131)
at org.openqa.selenium.edge.EdgeDriver.<init>(EdgeDriver.java:141)
at org.openqa.selenium.edge.EdgeDriver.<init>(EdgeDriver.java:96)
at com.base.qa.TestBase.launchBrowser(TestBase.java:69)
at com.test.qa.LoginPage.openBrowser(LoginPage.java:47)
at java.base/jdk.internal.reflect.NativeMethodAccessorImpl.invoke0(Native Method)
at java.base/jdk.internal.reflect.NativeMethodAccessorImpl.invoke(NativeMethodAccessorImpl.java:77)
at java.base/jdk.internal.reflect.DelegatingMethodAccessorImpl.invoke(DelegatingMethodAccessorImpl.java:43)
at java.base/java.lang.reflect.Method.invoke(Method.java:568)
at org.testng.internal.MethodInvocationHelper.invokeMethod(MethodInvocationHelper.java:133)
at org.testng.internal.MethodInvocationHelper.invokeMethodConsideringTimeout(MethodInvocationHelper.java:62)
at org.testng.internal.ConfigInvoker.invokeConfigurationMethod(ConfigInvoker.java:385)
at org.testng.internal.ConfigInvoker.invokeConfigurations(ConfigInvoker.java:321)
at org.testng.internal.TestMethodWorker.invokeBeforeClassMethods(TestMethodWorker.java:176)
at org.testng.internal.TestMethodWorker.run(TestMethodWorker.java:122)
at java.base/java.util.ArrayList.forEach(ArrayList.java:1511)
at org.testng.TestRunner.privateRun(TestRunner.java:794)
at org.testng.TestRunner.run(TestRunner.java:596)
at org.testng.SuiteRunner.runTest(SuiteRunner.java:377)
at org.testng.SuiteRunner.runSequentially(SuiteRunner.java:371)
at org.testng.SuiteRunner.privateRun(SuiteRunner.java:332)
at org.testng.SuiteRunner.run(SuiteRunner.java:276)
at org.testng.SuiteRunnerWorker.runSuite(SuiteRunnerWorker.java:53)
at org.testng.SuiteRunnerWorker.run(SuiteRunnerWorker.java:96)
at org.testng.TestNG.runSuitesSequentially(TestNG.java:1212)
at org.testng.TestNG.runSuitesLocally(TestNG.java:1134)
at org.testng.TestNG.runSuites(TestNG.java:1063)
at org.testng.TestNG.run(TestNG.java:1031)
at org.testng.remote.AbstractRemoteTestNG.run(AbstractRemoteTestNG.java:115)
at org.testng.remote.RemoteTestNG.initAndRun(RemoteTestNG.java:251)
at org.testng.remote.RemoteTestNG.main(RemoteTestNG.java:77)
]]>
            </full-stacktrace>
          </exception> <!-- org.openqa.selenium.SessionNotCreatedException -->
          <reporter-output>
          </reporter-output>
        </test-method> <!-- verifyFbLoginPage -->
        <test-method is-config="true" signature="screenshotCapture(org.testng.ITestResult)[pri:0, instance:com.test.qa.LoginPage@18d87d80]" started-at="2023-03-16T16:35:03 IST" name="screenshotCapture" finished-at="1970-01-01T05:30:00 IST" duration-ms="-1678964703283" status="SKIP">
          <reporter-output>
          </reporter-output>
        </test-method> <!-- screenshotCapture -->
      </class> <!-- com.test.qa.LoginPage -->
    </test> <!-- Default test -->
  </suite> <!-- Default suite -->
</testng-results>
